[debug] [2019-03-13T08:35:49.493Z] ----------------------------------------------------------------------
[debug] [2019-03-13T08:35:49.500Z] Command:       /usr/bin/node /usr/local/bin/firebase init
[debug] [2019-03-13T08:35:49.500Z] CLI Version:   6.5.0
[debug] [2019-03-13T08:35:49.500Z] Platform:      linux
[debug] [2019-03-13T08:35:49.501Z] Node Version:  v8.10.0
[debug] [2019-03-13T08:35:49.501Z] Time:          Wed Mar 13 2019 03:35:49 GMT-0500 (-05)
[debug] [2019-03-13T08:35:49.501Z] ----------------------------------------------------------------------
[debug] 
[debug] [2019-03-13T08:35:49.521Z] > command requires scopes: ["email","openid","https://www.googleapis.com/auth/cloudplatformprojects.readonly","https://www.googleapis.com/auth/firebase","https://www.googleapis.com/auth/cloud-platform"]
[debug] [2019-03-13T08:35:49.522Z] > authorizing via signed-in user
[info] 
     ######## #### ########  ######## ########     ###     ######  ########
     ##        ##  ##     ## ##       ##     ##  ##   ##  ##       ##
     ######    ##  ########  ######   ########  #########  ######  ######
     ##        ##  ##    ##  ##       ##     ## ##     ##       ## ##
     ##       #### ##     ## ######## ########  ##     ##  ######  ########

You're about to initialize a Firebase project in this directory:

  /home/mcrunny/Desktop/Develop/Projects/React/RUNMapp-Frontend/RUNMapp-Frontend

Before we get started, keep in mind:

  * You are initializing in an existing Firebase project directory

[info] 
=== Project Setup
[info] 
[info] First, let's associate this project directory with a Firebase project.
[info] You can create multiple project aliases by running firebase use --add, 
[info] but for now we'll just set up a default project.
[info] 
[info] i  .firebaserc already has a default project, skipping
[info] 
=== Hosting Setup
[info] 
[info] Your public directory is the folder (relative to your project directory) that
[info] will contain Hosting assets to be uploaded with firebase deploy. If you
[info] have a build process for your assets, use your build's output directory.
[info] 
